17:01:12 **** Build of configuration Debug for project StopWatch ****
make all 
Building file: ../main.c
Invoking: AVR Compiler
avr-gcc -Wall -g2 -gstabs -O0 -fpack-struct -fshort-enums -ffunction-sections -fdata-sections -std=gnu99 -funsigned-char -funsigned-bitfields -mmcu=atmega16 -DF_CPU=1000000UL -MMD -MP -MF"main.d" -MT"main.o" -c -o "main.o" "../main.c"
In file included from ../main.c:9:
c:/winavr-20100110/lib/gcc/../../avr/include/util/delay.h:90:3: warning: #warning "Compiler optimizations disabled; functions from <util/delay.h> won't work as designed"
Finished building: ../main.c
 
Building target: StopWatch.elf
Invoking: AVR C Linker
avr-gcc -Wl,-Map,StopWatch.map -mmcu=atmega16 -o "StopWatch.elf"  ./main.o   
Finished building target: StopWatch.elf
 
Invoking: AVR Create Extended Listing
avr-objdump -h -S StopWatch.elf  >"StopWatch.lss"
Finished building: StopWatch.lss
 
Invoking: Print Size
avr-size --format=avr --mcu=atmega16 StopWatch.elf
AVR Memory Usage
----------------
Device: atmega16

Program:    5358 bytes (32.7% Full)
(.text + .data + .bootloader)

Data:         11 bytes (1.1% Full)
(.data + .bss + .noinit)


Finished building: sizedummy
 
